# JRE version: OpenJDK Runtime Environment (26.0.1+8) (build 26.0.1+8-34)
# Java VM: OpenJDK 64-Bit Server VM (26.0.1+8-34, mixed mode, sharing, tiered, compressed oops, compressed class ptrs, g1 gc, linux-amd64)
GC Precious Log:
 CardTable entry size: 512
 Card Set container configuration: InlinePtr #cards 4 size 8 Array Of Cards #cards 16 size 48 Howl #buckets 8 coarsen threshold 3686 Howl Bitmap #cards 512 size 80 coarsen threshold 460 Card regions per heap region 1 cards per card region 4096
 CPUs: 12 total, 12 available
 Memory: 15335M
 Large Page Support: Disabled
 NUMA Support: Disabled
 Compressed Oops: Enabled (Zero based)
 Heap Region Size: 2M
 Heap Min Capacity: 8M
 Heap Initial Capacity: 8M
 Heap Max Capacity: 3834M
 Pre-touch: Disabled
 Parallel Workers: 10
 Concurrent Workers: 3
 Concurrent Refinement Workers: 10
 Periodic GC: Disabled
Heap:
 garbage-first heap   total reserved 3926016K, committed 30720K, used 6957K [0x0000000710600000, 0x0000000800000000)
  region size 2M, 3 eden (6M), 1 survivor (2M), 2 old (4M), 0 humongous (0M), 9 free (18M)
GC Heap Usage History (10 events):
Event: 0.195 {heap Before GC invocations=0 (full 0):
 garbage-first heap   total reserved 3926016K, committed 10240K, used 3216K [0x0000000710600000, 0x0000000800000000)
  region size 2M, 2 eden (4M), 0 survivor (0M), 1 old (2M), 0 humongous (0M), 2 free (4M)
}
Event: 0.199 {heap After GC invocations=1 (full 0):
 garbage-first heap   total reserved 3926016K, committed 10240K, used 2608K [0x0000000710600000, 0x0000000800000000)
  region size 2M, 0 eden (0M), 1 survivor (2M), 1 old (2M), 0 humongous (0M), 3 free (6M)
}
Event: 0.270 {heap Before GC invocations=1 (full 0):
 garbage-first heap   total reserved 3926016K, committed 10240K, used 4656K [0x0000000710600000, 0x0000000800000000)
  region size 2M, 1 eden (2M), 1 survivor (2M), 1 old (2M), 0 humongous (0M), 2 free (4M)
}
Event: 0.273 {heap After GC invocations=2 (full 0):
 garbage-first heap   total reserved 3926016K, committed 10240K, used 2861K [0x0000000710600000, 0x0000000800000000)
  region size 2M, 0 eden (0M), 1 survivor (2M), 2 old (4M), 0 humongous (0M), 2 free (4M)
}
Event: 0.348 {heap Before GC invocations=2 (full 0):
 garbage-first heap   total reserved 3926016K, committed 10240K, used 4909K [0x0000000710600000, 0x0000000800000000)
  region size 2M, 1 eden (2M), 1 survivor (2M), 2 old (4M), 0 humongous (0M), 1 free (2M)
}
Event: 0.350 {heap After GC invocations=3 (full 0):
 garbage-first heap   total reserved 3926016K, committed 30720K, used 3081K [0x0000000710600000, 0x0000000800000000)
  region size 2M, 0 eden (0M), 1 survivor (2M), 2 old (4M), 0 humongous (0M), 12 free (24M)
}
Event: 0.457 {heap Before GC invocations=3 (full 0):
 garbage-first heap   total reserved 3926016K, committed 30720K, used 15369K [0x0000000710600000, 0x0000000800000000)
  region size 2M, 6 eden (12M), 1 survivor (2M), 2 old (4M), 0 humongous (0M), 6 free (12M)
}
Event: 0.460 {heap After GC invocations=4 (full 0):
 garbage-first heap   total reserved 3926016K, committed 30720K, used 3349K [0x0000000710600000, 0x0000000800000000)
  region size 2M, 0 eden (0M), 1 survivor (2M), 2 old (4M), 0 humongous (0M), 12 free (24M)
}
Event: 0.530 {heap Before GC invocations=4 (full 0):
 garbage-first heap   total reserved 3926016K, committed 30720K, used 17685K [0x0000000710600000, 0x0000000800000000)
  region size 2M, 7 eden (14M), 1 survivor (2M), 2 old (4M), 0 humongous (0M), 5 free (10M)
}
Event: 0.533 {heap After GC invocations=5 (full 0):
 garbage-first heap   total reserved 3926016K, committed 30720K, used 3322K [0x0000000710600000, 0x0000000800000000)
  region size 2M, 0 eden (0M), 1 survivor (2M), 2 old (4M), 0 humongous (0M), 12 free (24M)
}

